
Log started (V12.5.0.0) Fri May 31 16:51:59 2019


Problem 'tm.lp' read.
Read time = 0.01 sec. (0.14 ticks)
Tried aggregator 2 times.
MIP Presolve eliminated 225 rows and 144 columns.
MIP Presolve modified 81 coefficients.
Aggregator did 648 substitutions.
Reduced MIP has 89 rows, 649 columns, and 1304 nonzeros.
Reduced MIP has 648 binaries, 0 generals, 0 SOSs, and 0 indicators.
Presolve time = 0.00 sec. (1.98 ticks)
Found incumbent of value 607.500000 after 0.00 sec. (2.43 ticks)
Probing time = 0.00 sec. (0.22 ticks)
Cover probing fixed 0 vars, tightened 3 bounds.
Tried aggregator 1 time.
Presolve time = 0.00 sec. (0.50 ticks)
Probing time = 0.02 sec. (0.22 ticks)
Cover probing fixed 0 vars, tightened 1 bounds.
MIP emphasis: balance optimality and feasibility.
MIP search method: dynamic search.
Parallel mode: deterministic, using up to 8 threads.
Root relaxation solution time = 0.00 sec. (1.67 ticks)

        Nodes                                         Cuts/
   Node  Left     Objective  IInf  Best Integer    Best Bound    ItCnt     Gap

*     0+    0                          607.5000        7.0000      123   98.85%
      0     0      151.8750    14      607.5000      151.8750      123   75.00%
*     0+    0                          158.5000      151.8750      123    4.18%
      0     0      151.8750    18      158.5000      Cuts: 14      140    4.18%
*     0+    0                          158.0000      151.8750      140    3.88%
      0     0      151.8750    14      158.0000       Cuts: 5      151    3.88%
*     0+    0                          157.5000      151.8750      151    3.57%
      0     0      151.8750    18      157.5000      Cuts: 10      161    3.57%
*     0+    0                          157.0000      151.8750      161    3.26%
*     0+    0                          155.5000      151.8750      161    2.33%
*     0+    0                          155.0000      151.8750      161    2.02%
*     0+    0                          153.5000      151.8750      161    1.06%
      0     2      151.8750    11      153.5000      151.8750      161    1.06%
Elapsed time = 0.11 sec. (38.68 ticks, tree = 0.01 MB, solutions = 8)
*    29+   25                          153.0000      151.8750      352    0.74%
*    29+   25                          152.5000      151.8750      352    0.41%
*  1658+ 1098                          152.0000      151.8750    11195    0.08%

Cover cuts applied:  5
Mixed integer rounding cuts applied:  6
Zero-half cuts applied:  1
Gomory fractional cuts applied:  7

Root node processing (before b&c):
  Real time             =    0.08 sec. (35.08 ticks)
Parallel b&c, 8 threads:
  Real time             =    0.70 sec. (194.47 ticks)
  Sync time (average)   =    0.00 sec.
  Wait time (average)   =    0.00 sec.
                          ------------
Total (root+branch&cut) =    0.78 sec. (229.56 ticks)

Solution pool: 11 solutions saved.

MIP - Integer optimal solution:  Objective = 1.5200000000e+002
Solution time =    0.80 sec.  Iterations = 11195  Nodes = 1658
Deterministic time = 232.91 ticks  (292.24 ticks/sec)


Incumbent solution
Variable Name           Solution Value
r                           152.000000
x121                          1.500000
x151                          1.500000
x162                          2.000000
x172                          2.000000
x113                          2.500000
x183                          2.500000
x164                          3.000000
x184                          3.000000
x115                          3.500000
x185                          3.500000
x156                          4.000000
x166                          4.000000
x117                          4.500000
x187                          4.500000
x148                          5.000000
x168                          5.000000
x129                          5.500000
x169                          5.500000
x231                          2.500000
x281                          2.500000
x222                          3.000000
x252                          3.000000
x213                          3.500000
x283                          3.500000
x264                          4.000000
x274                          4.000000
x215                          4.500000
x245                          4.500000
x236                          5.000000
x286                          5.000000
x227                          5.500000
x267                          5.500000
x218                          6.000000
x268                          6.000000
x219                          6.500000
x289                          6.500000
x331                          3.500000
x381                          3.500000
x312                          4.000000
x372                          4.000000
x353                          4.500000
x373                          4.500000
x314                          5.000000
x344                          5.000000
x315                          5.500000
x385                          5.500000
x366                          6.000000
x376                          6.000000
x327                          6.500000
x377                          6.500000
x328                          7.000000
x378                          7.000000
x359                          7.500000
x389                          7.500000
x411                          4.500000
x461                          4.500000
x412                          5.000000
x472                          5.000000
x413                          5.500000
x473                          5.500000
x454                          6.000000
x464                          6.000000
x435                          6.500000
x465                          6.500000
x436                          7.000000
x486                          7.000000
x457                          7.500000
x467                          7.500000
x448                          8.000000
x468                          8.000000
x419                          8.500000
x429                          8.500000
x511                          5.500000
x541                          5.500000
x522                          6.000000
x572                          6.000000
x513                          6.500000
x563                          6.500000
x524                          7.000000
x544                          7.000000
x525                          7.500000
x555                          7.500000
x566                          8.000000
x586                          8.000000
x527                          8.500000
x587                          8.500000
x538                          9.000000
x588                          9.000000
x559                          9.500000
x579                          9.500000
x671                          6.500000
x681                          6.500000
x612                          7.000000
x662                          7.000000
x653                          7.500000
x673                          7.500000
x614                          8.000000
x664                          8.000000
x645                          8.500000
x655                          8.500000
x626                          9.000000
x646                          9.000000
x617                          9.500000
x627                          9.500000
x678                         10.000000
x688                         10.000000
x639                         10.500000
x659                         10.500000
x711                          7.500000
x771                          7.500000
x752                          8.000000
x772                          8.000000
x763                          8.500000
x773                          8.500000
x714                          9.000000
x764                          9.000000
x715                          9.500000
x785                          9.500000
x716                         10.000000
x736                         10.000000
x737                         10.500000
x757                         10.500000
x738                         11.000000
x758                         11.000000
x739                         11.500000
x749                         11.500000
x831                          8.500000
x861                          8.500000
x822                          9.000000
x872                          9.000000
x853                          9.500000
x873                          9.500000
x824                         10.000000
x844                         10.000000
x815                         10.500000
x845                         10.500000
x836                         11.000000
x856                         11.000000
x827                         11.500000
x847                         11.500000
x828                         12.000000
x888                         12.000000
x829                         12.500000
x879                         12.500000
x941                          9.500000
x961                          9.500000
x932                         10.000000
x982                         10.000000
x943                         10.500000
x983                         10.500000
x934                         11.000000
x954                         11.000000
x925                         11.500000
x945                         11.500000
x936                         12.000000
x946                         12.000000
x937                         12.500000
x947                         12.500000
x978                         13.000000
x988                         13.000000
x959                         13.500000
x969                         13.500000
u121                          1.000000
u151                          1.000000
u162                          1.000000
u172                          1.000000
u113                          1.000000
u183                          1.000000
u164                          1.000000
u184                          1.000000
u115                          1.000000
u185                          1.000000
u156                          1.000000
u166                          1.000000
u117                          1.000000
u187                          1.000000
u148                          1.000000
u168                          1.000000
u129                          1.000000
u169                          1.000000
u231                          1.000000
u281                          1.000000
u222                          1.000000
u252                          1.000000
u213                          1.000000
u283                          1.000000
u264                          1.000000
u274                          1.000000
u215                          1.000000
u245                          1.000000
u236                          1.000000
u286                          1.000000
u227                          1.000000
u267                          1.000000
u218                          1.000000
u268                          1.000000
u219                          1.000000
u289                          1.000000
u331                          1.000000
u381                          1.000000
u312                          1.000000
u372                          1.000000
u353                          1.000000
u373                          1.000000
u314                          1.000000
u344                          1.000000
u315                          1.000000
u385                          1.000000
u366                          1.000000
u376                          1.000000
u327                          1.000000
u377                          1.000000
u328                          1.000000
u378                          1.000000
u359                          1.000000
u389                          1.000000
u411                          1.000000
u461                          1.000000
u412                          1.000000
u472                          1.000000
u413                          1.000000
u473                          1.000000
u454                          1.000000
u464                          1.000000
u435                          1.000000
u465                          1.000000
u436                          1.000000
u486                          1.000000
u457                          1.000000
u467                          1.000000
u448                          1.000000
u468                          1.000000
u419                          1.000000
u429                          1.000000
u511                          1.000000
u541                          1.000000
u522                          1.000000
u572                          1.000000
u513                          1.000000
u563                          1.000000
u524                          1.000000
u544                          1.000000
u525                          1.000000
u555                          1.000000
u566                          1.000000
u586                          1.000000
u527                          1.000000
u587                          1.000000
u538                          1.000000
u588                          1.000000
u559                          1.000000
u579                          1.000000
u671                          1.000000
u681                          1.000000
u612                          1.000000
u662                          1.000000
u653                          1.000000
u673                          1.000000
u614                          1.000000
u664                          1.000000
u645                          1.000000
u655                          1.000000
u626                          1.000000
u646                          1.000000
u617                          1.000000
u627                          1.000000
u678                          1.000000
u688                          1.000000
u639                          1.000000
u659                          1.000000
u711                          1.000000
u771                          1.000000
u752                          1.000000
u772                          1.000000
u763                          1.000000
u773                          1.000000
u714                          1.000000
u764                          1.000000
u715                          1.000000
u785                          1.000000
u716                          1.000000
u736                          1.000000
u737                          1.000000
u757                          1.000000
u738                          1.000000
u758                          1.000000
u739                          1.000000
u749                          1.000000
u831                          1.000000
u861                          1.000000
u822                          1.000000
u872                          1.000000
u853                          1.000000
u873                          1.000000
u824                          1.000000
u844                          1.000000
u815                          1.000000
u845                          1.000000
u836                          1.000000
u856                          1.000000
u827                          1.000000
u847                          1.000000
u828                          1.000000
u888                          1.000000
u829                          1.000000
u879                          1.000000
u941                          1.000000
u961                          1.000000
u932                          1.000000
u982                          1.000000
u943                          1.000000
u983                          1.000000
u934                          1.000000
u954                          1.000000
u925                          1.000000
u945                          1.000000
u936                          1.000000
u946                          1.000000
u937                          1.000000
u947                          1.000000
u978                          1.000000
u988                          1.000000
u959                          1.000000
u969                          1.000000
c11                          11.000000
c12                           7.000000
c14                           5.000000
c15                           6.000000
c16                          20.000000
c17                           2.000000
c18                          14.000000
c21                          21.000000
c22                           9.000000
c23                           8.000000
c24                           5.000000
c25                           3.000000
c26                          16.000000
c27                           4.000000
c28                          18.000000
c31                          15.000000
c32                          14.000000
c33                           4.000000
c34                           5.000000
c35                          12.000000
c36                           6.000000
c37                          28.000000
c38                          17.000000
c41                          24.000000
c42                           9.000000
c43                          14.000000
c44                           8.000000
c45                          14.000000
c46                          33.000000
c47                          11.000000
c48                           7.000000
c51                          12.000000
c52                          29.000000
c53                           9.000000
c54                          13.000000
c55                          17.000000
c56                          15.000000
c57                          16.000000
c58                          26.000000
c61                          25.000000
c62                          19.000000
c63                          11.000000
c64                          18.000000
c65                          27.000000
c66                          15.000000
c67                          24.000000
c68                          17.000000
c71                          36.000000
c73                          43.000000
c74                          12.000000
c75                          30.000000
c76                          18.000000
c77                          24.000000
c78                          10.000000
c81                          11.000000
c82                          55.000000
c83                          20.000000
c84                          32.000000
c85                          21.000000
c86                           9.000000
c87                          31.000000
c88                          12.000000
c92                          12.000000
c93                          46.000000
c94                          56.000000
c95                          25.000000
c96                          23.000000
c97                          13.000000
c98                          34.000000
d11                          18.000000
d12                          16.000000
d13                          18.000000
d14                          22.000000
d15                          34.000000
d16                          10.000000
d17                          14.000000
d18                           6.000000
d19                          15.000000
d21                           2.000000
d22                          18.000000
d24                          17.000000
d25                          19.000000
d26                           9.000000
d27                          42.000000
d28                          19.000000
d29                          27.000000
d31                          15.000000
d32                          10.000000
d34                          11.000000
d35                           7.000000
d36                          45.000000
d37                          23.000000
d38                          20.000000
d39                          22.000000
d41                          15.000000
d43                          11.000000
d44                          22.000000
d45                          35.000000
d46                          21.000000
d47                          24.000000
d48                          13.000000
d49                          12.000000
d51                           2.000000
d52                          11.000000
d53                          22.000000
d54                          17.000000
d55                          16.000000
d56                          15.000000
d57                          18.000000
d58                          11.000000
d59                          41.000000
d61                          23.000000
d62                           9.000000
d63                          15.000000
d64                          30.000000
d65                           7.000000
d66                          18.000000
d67                          13.000000
d68                          19.000000
d69                          19.000000
d71                          14.000000
d72                          34.000000
d73                          36.000000
d74                           4.000000
d76                           6.000000
d77                           7.000000
d78                          30.000000
d79                          22.000000
d81                          13.000000
d82                          10.000000
d83                          17.000000
d84                           3.000000
d85                          19.000000
d86                          20.000000
d87                          13.000000
d88                          44.000000
d89                          14.000000
All other variables in the range 1-1441 are 0.

Log started (V12.5.0.0) Fri May 31 16:58:20 2019


Problem 'tm.lp' read.
Read time = 0.02 sec. (0.11 ticks)
Tried aggregator 2 times.
MIP Presolve eliminated 189 rows and 108 columns.
MIP Presolve modified 81 coefficients.
Aggregator did 486 substitutions.
Reduced MIP has 87 rows, 487 columns, and 978 nonzeros.
Reduced MIP has 486 binaries, 0 generals, 0 SOSs, and 0 indicators.
Presolve time = -0.00 sec. (1.50 ticks)
Found incumbent of value 607.500000 after -0.00 sec. (1.85 ticks)
Probing time = -0.00 sec. (0.20 ticks)
Cover probing fixed 0 vars, tightened 8 bounds.
Tried aggregator 1 time.
Presolve time = -0.00 sec. (0.33 ticks)
Probing time = -0.00 sec. (0.09 ticks)
Cover probing fixed 0 vars, tightened 1 bounds.
MIP emphasis: balance optimality and feasibility.
MIP search method: dynamic search.
Parallel mode: deterministic, using up to 8 threads.
Root relaxation solution time = 0.02 sec. (1.56 ticks)

        Nodes                                         Cuts/
   Node  Left     Objective  IInf  Best Integer    Best Bound    ItCnt     Gap

*     0+    0                          607.5000       13.0000      147   97.86%
      0     0      202.5000    10      607.5000      202.5000      147   66.67%
*     0+    0                          209.0000      202.5000      147    3.11%
      0     0      202.5000    12      209.0000      Cuts: 10      166    3.11%
*     0+    0                          207.0000      202.5000      166    2.17%
      0     0      202.5000    13      207.0000       Cuts: 6      179    2.17%
*     0+    0                          206.5000      202.5000      179    1.94%
*     0+    0                          205.5000      202.5000      179    1.46%
*     0+    0                          203.5000      202.5000      179    0.49%
*     0+    0                          203.0000      202.5000      179    0.25%
      0     2      202.5000     8      203.0000      202.5000      179    0.25%
Elapsed time = 0.11 sec. (27.58 ticks, tree = 0.01 MB, solutions = 7)
*    16+   12                          202.5000      202.5000      344    0.00%

Mixed integer rounding cuts applied:  1

Root node processing (before b&c):
  Real time             =    0.09 sec. (24.89 ticks)
Parallel b&c, 8 threads:
  Real time             =    0.11 sec. (29.65 ticks)
  Sync time (average)   =    0.00 sec.
  Wait time (average)   =    0.00 sec.
                          ------------
Total (root+branch&cut) =    0.20 sec. (54.54 ticks)

Solution pool: 8 solutions saved.

MIP - Integer optimal solution:  Objective = 2.0250000000e+002
Solution time =    0.22 sec.  Iterations = 352  Nodes = 18
Deterministic time = 57.07 ticks  (260.58 ticks/sec)


Incumbent solution
Variable Name           Solution Value
r                           202.500000
x111                          1.500000
x121                          1.500000
x112                          2.000000
x162                          2.000000
x113                          2.500000
x163                          2.500000
x114                          3.000000
x164                          3.000000
x115                          3.500000
x135                          3.500000
x116                          4.000000
x166                          4.000000
x117                          4.500000
x167                          4.500000
x118                          5.000000
x148                          5.000000
x119                          5.500000
x169                          5.500000
x211                          2.500000
x261                          2.500000
x242                          3.000000
x262                          3.000000
x213                          3.500000
x263                          3.500000
x214                          4.000000
x264                          4.000000
x255                          4.500000
x265                          4.500000
x216                          5.000000
x266                          5.000000
x217                          5.500000
x267                          5.500000
x218                          6.000000
x268                          6.000000
x219                          6.500000
x229                          6.500000
x321                          3.500000
x361                          3.500000
x312                          4.000000
x362                          4.000000
x343                          4.500000
x363                          4.500000
x314                          5.000000
x344                          5.000000
x315                          5.500000
x365                          5.500000
x316                          6.000000
x366                          6.000000
x317                          6.500000
x367                          6.500000
x338                          7.000000
x348                          7.000000
x329                          7.500000
x349                          7.500000
x411                          4.500000
x461                          4.500000
x412                          5.000000
x462                          5.000000
x433                          5.500000
x463                          5.500000
x424                          6.000000
x464                          6.000000
x415                          6.500000
x455                          6.500000
x416                          7.000000
x456                          7.000000
x437                          7.500000
x447                          7.500000
x418                          8.000000
x438                          8.000000
x429                          8.500000
x449                          8.500000
x511                          5.500000
x561                          5.500000
x512                          6.000000
x562                          6.000000
x523                          6.500000
x533                          6.500000
x514                          7.000000
x564                          7.000000
x515                          7.500000
x565                          7.500000
x516                          8.000000
x566                          8.000000
x527                          8.500000
x537                          8.500000
x528                          9.000000
x538                          9.000000
x529                          9.500000
x539                          9.500000
x651                          6.500000
x661                          6.500000
x612                          7.000000
x652                          7.000000
x643                          7.500000
x653                          7.500000
x624                          8.000000
x634                          8.000000
x645                          8.500000
x655                          8.500000
x626                          9.000000
x636                          9.000000
x637                          9.500000
x647                          9.500000
x628                         10.000000
x648                         10.000000
x629                         10.500000
x659                         10.500000
x711                          7.500000
x761                          7.500000
x712                          8.000000
x742                          8.000000
x723                          8.500000
x753                          8.500000
x724                          9.000000
x744                          9.000000
x725                          9.500000
x735                          9.500000
x726                         10.000000
x736                         10.000000
x747                         10.500000
x757                         10.500000
x738                         11.000000
x748                         11.000000
x759                         11.500000
x769                         11.500000
x841                          8.500000
x851                          8.500000
x822                          9.000000
x832                          9.000000
x823                          9.500000
x833                          9.500000
x824                         10.000000
x834                         10.000000
x835                         10.500000
x855                         10.500000
x836                         11.000000
x856                         11.000000
x857                         11.500000
x867                         11.500000
x848                         12.000000
x858                         12.000000
x829                         12.500000
x859                         12.500000
x921                          9.500000
x931                          9.500000
x912                         10.000000
x932                         10.000000
x923                         10.500000
x953                         10.500000
x934                         11.000000
x944                         11.000000
x945                         11.500000
x965                         11.500000
x946                         12.000000
x956                         12.000000
x947                         12.500000
x957                         12.500000
x948                         13.000000
x958                         13.000000
x919                         13.500000
x969                         13.500000
u111                          1.000000
u121                          1.000000
u112                          1.000000
u162                          1.000000
u113                          1.000000
u163                          1.000000
u114                          1.000000
u164                          1.000000
u115                          1.000000
u135                          1.000000
u116                          1.000000
u166                          1.000000
u117                          1.000000
u167                          1.000000
u118                          1.000000
u148                          1.000000
u119                          1.000000
u169                          1.000000
u211                          1.000000
u261                          1.000000
u242                          1.000000
u262                          1.000000
u213                          1.000000
u263                          1.000000
u214                          1.000000
u264                          1.000000
u255                          1.000000
u265                          1.000000
u216                          1.000000
u266                          1.000000
u217                          1.000000
u267                          1.000000
u218                          1.000000
u268                          1.000000
u219                          1.000000
u229                          1.000000
u321                          1.000000
u361                          1.000000
u312                          1.000000
u362                          1.000000
u343                          1.000000
u363                          1.000000
u314                          1.000000
u344                          1.000000
u315                          1.000000
u365                          1.000000
u316                          1.000000
u366                          1.000000
u317                          1.000000
u367                          1.000000
u338                          1.000000
u348                          1.000000
u329                          1.000000
u349                          1.000000
u411                          1.000000
u461                          1.000000
u412                          1.000000
u462                          1.000000
u433                          1.000000
u463                          1.000000
u424                          1.000000
u464                          1.000000
u415                          1.000000
u455                          1.000000
u416                          1.000000
u456                          1.000000
u437                          1.000000
u447                          1.000000
u418                          1.000000
u438                          1.000000
u429                          1.000000
u449                          1.000000
u511                          1.000000
u561                          1.000000
u512                          1.000000
u562                          1.000000
u523                          1.000000
u533                          1.000000
u514                          1.000000
u564                          1.000000
u515                          1.000000
u565                          1.000000
u516                          1.000000
u566                          1.000000
u527                          1.000000
u537                          1.000000
u528                          1.000000
u538                          1.000000
u529                          1.000000
u539                          1.000000
u651                          1.000000
u661                          1.000000
u612                          1.000000
u652                          1.000000
u643                          1.000000
u653                          1.000000
u624                          1.000000
u634                          1.000000
u645                          1.000000
u655                          1.000000
u626                          1.000000
u636                          1.000000
u637                          1.000000
u647                          1.000000
u628                          1.000000
u648                          1.000000
u629                          1.000000
u659                          1.000000
u711                          1.000000
u761                          1.000000
u712                          1.000000
u742                          1.000000
u723                          1.000000
u753                          1.000000
u724                          1.000000
u744                          1.000000
u725                          1.000000
u735                          1.000000
u726                          1.000000
u736                          1.000000
u747                          1.000000
u757                          1.000000
u738                          1.000000
u748                          1.000000
u759                          1.000000
u769                          1.000000
u841                          1.000000
u851                          1.000000
u822                          1.000000
u832                          1.000000
u823                          1.000000
u833                          1.000000
u824                          1.000000
u834                          1.000000
u835                          1.000000
u855                          1.000000
u836                          1.000000
u856                          1.000000
u857                          1.000000
u867                          1.000000
u848                          1.000000
u858                          1.000000
u829                          1.000000
u859                          1.000000
u921                          1.000000
u931                          1.000000
u912                          1.000000
u932                          1.000000
u923                          1.000000
u953                          1.000000
u934                          1.000000
u944                          1.000000
u945                          1.000000
u965                          1.000000
u946                          1.000000
u956                          1.000000
u947                          1.000000
u957                          1.000000
u948                          1.000000
u958                          1.000000
u919                          1.000000
u969                          1.000000
c11                          32.000000
c12                           2.000000
c13                           4.000000
c14                           5.000000
c16                          22.000000
c21                          33.000000
c22                           7.000000
c24                           3.000000
c25                           5.000000
c26                          34.000000
c31                          27.000000
c32                          11.000000
c33                           7.000000
c34                          24.000000
c36                          30.000000
c41                          31.000000
c42                          15.000000
c43                          21.000000
c44                          16.000000
c45                          14.000000
c46                          21.000000
c51                          34.000000
c52                          34.000000
c53                          34.000000
c56                          34.000000
c61                           7.000000
c62                          38.000000
c63                          27.000000
c64                          36.000000
c65                          40.000000
c66                           7.000000
c71                          16.000000
c72                          37.000000
c73                          31.000000
c74                          39.000000
c75                          31.000000
c76                          19.000000
c82                          41.000000
c83                          50.000000
c84                          21.000000
c85                          66.000000
c86                          12.000000
c91                          24.000000
c92                          20.000000
c93                          31.000000
c94                          60.000000
c95                          48.000000
c96                          25.000000
d11                          22.000000
d12                          42.000000
d13                           6.000000
d14                          19.000000
d15                          23.000000
d16                          30.000000
d17                          17.000000
d18                          19.000000
d19                          26.000000
d21                          15.000000
d22                           9.000000
d23                          35.000000
d24                          33.000000
d25                          10.000000
d26                          19.000000
d27                           9.000000
d28                          19.000000
d29                          55.000000
d31                          10.000000
d32                          19.000000
d33                          22.000000
d34                          29.000000
d35                          24.000000
d36                          30.000000
d37                          26.000000
d38                          35.000000
d39                          10.000000
d41                           9.000000
d42                          11.000000
d43                          12.000000
d44                          25.000000
d45                          20.000000
d46                          12.000000
d47                          40.000000
d48                          58.000000
d49                          16.000000
d51                          15.000000
d52                           7.000000
d53                          27.000000
d55                          30.000000
d56                          30.000000
d57                          35.000000
d58                          25.000000
d59                          35.000000
d61                          30.000000
d62                          20.000000
d63                          16.000000
d64                          20.000000
d65                          29.000000
d66                          23.000000
d67                          28.000000
d68                           6.000000
d69                          31.000000
All other variables in the range 1-1081 are 0.
